# JRE version: Java(TM) SE Runtime Environment (9.0+11) (build 9.0.4+11)
# Java VM: Java HotSpot(TM) 64-Bit Server VM (9.0.4+11, mixed mode, tiered, compressed oops, g1 gc, windows-amd64)
Heap:
 garbage-first heap   total 447488K, used 146548K [0x0000000700000000, 0x0000000700100da8, 0x00000007c0000000)
  region size 1024K, 5 young (5120K), 1 survivors (1024K)
 Metaspace       used 91754K, capacity 93617K, committed 100220K, reserved 1134592K
  class space    used 12362K, capacity 12775K, committed 14204K, reserved 1048576K
GC Heap History (10 events):
Event: 31435.004 GC heap before
{Heap before GC invocations=4709 (full 1444):
 garbage-first heap   total 447488K, used 203905K [0x0000000700000000, 0x0000000700100da8, 0x00000007c0000000)
  region size 1024K, 60 young (61440K), 2 survivors (2048K)
 Metaspace       used 91752K, capacity 93617K, committed 100220K, reserved 1134592K
  class space    used 12362K, capacity 12775K, committed 14204K, reserved 1048576K
}
Event: 31435.008 GC heap after
{Heap after GC invocations=4710 (full 1444):
 garbage-first heap   total 447488K, used 144238K [0x0000000700000000, 0x0000000700100da8, 0x00000007c0000000)
  region size 1024K, 1 young (1024K), 1 survivors (1024K)
 Metaspace       used 91752K, capacity 93617K, committed 100220K, reserved 1134592K
  class space    used 12362K, capacity 12775K, committed 14204K, reserved 1048576K
}
Event: 31435.292 GC heap before
{Heap before GC invocations=4710 (full 1444):
 garbage-first heap   total 447488K, used 204654K [0x0000000700000000, 0x0000000700100da8, 0x00000007c0000000)
  region size 1024K, 60 young (61440K), 1 survivors (1024K)
 Metaspace       used 91752K, capacity 93617K, committed 100220K, reserved 1134592K
  class space    used 12362K, capacity 12775K, committed 14204K, reserved 1048576K
}
Event: 31435.296 GC heap after
{Heap after GC invocations=4711 (full 1444):
 garbage-first heap   total 447488K, used 144312K [0x0000000700000000, 0x0000000700100da8, 0x00000007c0000000)
  region size 1024K, 1 young (1024K), 1 survivors (1024K)
 Metaspace       used 91752K, capacity 93617K, committed 100220K, reserved 1134592K
  class space    used 12362K, capacity 12775K, committed 14204K, reserved 1048576K
}
Event: 31436.695 GC heap before
{Heap before GC invocations=4711 (full 1444):
 garbage-first heap   total 447488K, used 204728K [0x0000000700000000, 0x0000000700100da8, 0x00000007c0000000)
  region size 1024K, 60 young (61440K), 1 survivors (1024K)
 Metaspace       used 91752K, capacity 93617K, committed 100220K, reserved 1134592K
  class space    used 12362K, capacity 12775K, committed 14204K, reserved 1048576K
}
Event: 31436.702 GC heap after
{Heap after GC invocations=4712 (full 1444):
 garbage-first heap   total 447488K, used 144459K [0x0000000700000000, 0x0000000700100da8, 0x00000007c0000000)
  region size 1024K, 1 young (1024K), 1 survivors (1024K)
 Metaspace       used 91752K, capacity 93617K, committed 100220K, reserved 1134592K
  class space    used 12362K, capacity 12775K, committed 14204K, reserved 1048576K
}
Event: 31440.358 GC heap before
{Heap before GC invocations=4712 (full 1444):
 garbage-first heap   total 447488K, used 165963K [0x0000000700000000, 0x0000000700100da8, 0x00000007c0000000)
  region size 1024K, 23 young (23552K), 1 survivors (1024K)
 Metaspace       used 91754K, capacity 93617K, committed 100220K, reserved 1134592K
  class space    used 12362K, capacity 12775K, committed 14204K, reserved 1048576K
}
Event: 31440.919 GC heap after
{Heap after GC invocations=4713 (full 1445):
 garbage-first heap   total 447488K, used 143170K [0x0000000700000000, 0x0000000700100da8, 0x00000007c0000000)
  region size 1024K, 0 young (0K), 0 survivors (0K)
 Metaspace       used 91754K, capacity 93617K, committed 100220K, reserved 1134592K
  class space    used 12362K, capacity 12775K, committed 14204K, reserved 1048576K
}
Event: 31452.988 GC heap before
{Heap before GC invocations=4713 (full 1445):
 garbage-first heap   total 447488K, used 204610K [0x0000000700000000, 0x0000000700100da8, 0x00000007c0000000)
  region size 1024K, 60 young (61440K), 0 survivors (0K)
 Metaspace       used 91754K, capacity 93617K, committed 100220K, reserved 1134592K
  class space    used 12362K, capacity 12775K, committed 14204K, reserved 1048576K
}
Event: 31452.993 GC heap after
{Heap after GC invocations=4714 (full 1445):
 garbage-first heap   total 447488K, used 143476K [0x0000000700000000, 0x0000000700100da8, 0x00000007c0000000)
  region size 1024K, 1 young (1024K), 1 survivors (1024K)
 Metaspace       used 91754K, capacity 93617K, committed 100220K, reserved 1134592K
  class space    used 12362K, capacity 12775K, committed 14204K, reserved 1048576K
}

